#
# A fatal error has been detected by the Java Runtime Environment:
#
#  Internal Error (javaClasses.cpp:129), pid=980, tid=9028
#  fatal error: Invalid layout of preloaded class
#
# JRE version: 7.0_07-b11
# Java VM: Java HotSpot(TM) 64-Bit Server VM (23.3-b01 mixed mode windows-amd64 compressed oops)
# Failed to write core dump. Minidumps are not enabled by default on client versions of Windows
#
# If you would like to submit a bug report, please visit:
#   http://bugreport.sun.com/bugreport/crash.jsp
#

---------------  T H R E A D  ---------------

Current thread (0x0000000000c9e000):  JavaThread "Unknown thread" [_thread_in_vm, id=9028, stack(0x0000000002470000,0x0000000002570000)]

Stack: [0x0000000002470000,0x0000000002570000]

---------------  P R O C E S S  ---------------

Java Threads: ( => current thread )

Other Threads:

=>0x0000000000c9e000 (exited) JavaThread "Unknown thread" [_thread_in_vm, id=9028, stack(0x0000000002470000,0x0000000002570000)]

VM state:not at safepoint (not fully initialized)

VM Mutex/Monitor currently owned by a thread: None

GC Heap History (0 events):
No events

Deoptimization events (0 events):
No events

Internal exceptions (0 events):
No events

Events (10 events):
Event: 0.009 loading class 0x00000000025c4610 done
Event: 0.009 loading class 0x0000000002584cd0 done
Event: 0.009 loading class 0x00000000025848b0
Event: 0.009 loading class 0x0000000010f9eca0
Event: 0.009 loading class 0x0000000010f9eca0 done
Event: 0.009 loading class 0x0000000010f9f720
Event: 0.009 loading class 0x0000000010f9f720 done
Event: 0.009 loading class 0x00000000026150c0
Event: 0.009 loading class 0x00000000026150c0 done
Event: 0.009 loading class 0x00000000025848b0 done


Dynamic libraries:
0x000007f615800000 - 0x000007f615834000 	C:\Program Files\Java\jre7\bin\javaw.exe
0x000007ff8e220000 - 0x000007ff8e3de000 	C:\Windows\SYSTEM32\ntdll.dll
0x000007ff8bed0000 - 0x000007ff8c006000 	C:\Windows\system32\KERNEL32.DLL
0x000007ff8b2d0000 - 0x000007ff8b3c3000 	C:\Windows\system32\KERNELBASE.dll
0x000007ff8bd80000 - 0x000007ff8be5e000 	C:\Windows\system32\ADVAPI32.dll
0x000007ff8b940000 - 0x000007ff8ba8c000 	C:\Windows\system32\USER32.dll
0x000007ff88c20000 - 0x000007ff88e89000 	C:\Windows\WinSxS\amd64_microsoft.windows.common-controls_6595b64144ccf1df_6.0.9200.16384_none_418c2a697189c07f\COMCTL32.dll
0x000007ff8e170000 - 0x000007ff8e215000 	C:\Windows\system32\msvcrt.dll
0x000007ff8bb60000 - 0x000007ff8bba8000 	C:\Windows\SYSTEM32\sechost.dll
0x000007ff8c010000 - 0x000007ff8c150000 	C:\Windows\system32\RPCRT4.dll
0x000007ff8b790000 - 0x000007ff8b8d0000 	C:\Windows\system32\GDI32.dll
0x000007ff8e0c0000 - 0x000007ff8e0f9000 	C:\Windows\system32\IMM32.DLL
0x000007ff8c150000 - 0x000007ff8c265000 	C:\Windows\system32\MSCTF.dll
0x0000000052ea0000 - 0x0000000052f71000 	C:\Program Files\Java\jre7\bin\msvcr100.dll
0x0000000052780000 - 0x0000000052e9f000 	C:\Program Files\Java\jre7\bin\server\jvm.dll
0x000007ff804c0000 - 0x000007ff804c9000 	C:\Windows\SYSTEM32\WSOCK32.dll
0x000007ff88480000 - 0x000007ff884a0000 	C:\Windows\SYSTEM32\WINMM.dll
0x000007ff8bb40000 - 0x000007ff8bb47000 	C:\Windows\system32\PSAPI.DLL
0x000007ff8b8e0000 - 0x000007ff8b938000 	C:\Windows\system32\WS2_32.dll
0x000007ff88440000 - 0x000007ff88472000 	C:\Windows\SYSTEM32\WINMMBASE.dll
0x000007ff8c4c0000 - 0x000007ff8c4c9000 	C:\Windows\system32\NSI.dll
0x0000000052770000 - 0x000000005277f000 	C:\Program Files\Java\jre7\bin\verify.dll
0x0000000052740000 - 0x0000000052768000 	C:\Program Files\Java\jre7\bin\java.dll
0x0000000052720000 - 0x0000000052735000 	C:\Program Files\Java\jre7\bin\zip.dll

VM Arguments:
jvm_args: -Dfile.encoding=Cp1252 -Xbootclasspath:C:\Users\Karl\AppData\Local\Android\android-sdk\platforms\android-17\android.jar 
java_command: org.eclipse.jdt.internal.junit.runner.RemoteTestRunner -version 3 -port 57276 -testLoaderClass org.eclipse.jdt.internal.junit4.runner.JUnit4TestLoader -loaderpluginname org.eclipse.jdt.junit4.runtime -testNameFile C:\Users\Karl\AppData\Local\Temp\testNames304598155869137786.txt
Launcher Type: SUN_STANDARD

Environment Variables:
JAVA_HOME=C:\Program Files\Java\jdk1.7.0_07
PATH=C:\Program Files (x86)\NVIDIA Corporation\PhysX\Common;C:\Windows\system32;C:\Windows;C:\Windows\System32\Wbem;C:\Windows\System32\WindowsPowerShell\v1.0\;C:\Program Files\Java\jdk1.7.0_02\bin;C:\Program Files\Microsoft\Web Platform Installer\;C:\Program Files (x86)\Microsoft ASP.NET\ASP.NET Web Pages\v1.0\;C:\Program Files (x86)\Windows Kits\8.0\Windows Performance Toolkit\;C:\Program Files\Microsoft SQL Server\110\Tools\Binn\;C:\Program Files (x86)\GtkSharp\2.12\bin;;C:\Users\Karl\AppData\Local\Android\android-sdk\tools;C:\Users\Karl\AppData\Local\Android\android-sdk\platform-tools
USERNAME=Karl
OS=Windows_NT
PROCESSOR_IDENTIFIER=Intel64 Family 6 Model 58 Stepping 9, GenuineIntel



---------------  S Y S T E M  ---------------

OS: Windows 8 , 64 bit Build 9200 

CPU:total 8 (4 cores per cpu, 2 threads per core) family 6 model 58 stepping 9, cmov, cx8, fxsr, mmx, sse, sse2, sse3, ssse3, sse4.1, sse4.2, popcnt, avx, ht, tsc, tscinvbit, tscinv

Memory: 4k page, physical 16729012k(10943860k free), swap 20186036k(9062124k free)

vm_info: Java HotSpot(TM) 64-Bit Server VM (23.3-b01) for windows-amd64 JRE (1.7.0_07-b11), built on Sep  7 2012 01:19:25 by "java_re" with unknown MS VC++:1600

time: Sat May 18 21:01:48 2013
elapsed time: 0 seconds

